<?xml version="1.0" encoding="UTF-8"?>
<!-- Generated by org.testng.reporters.JUnitReportReporter -->
<testsuite hostname="DESKTOP-EINLN9Q" failures="0" tests="1" name="TestNG_class.class2" time="3.707" errors="0" timestamp="2023-01-20T14:05:21 IST" skipped="0">
  <testcase classname="TestNG_class.class2" name="mt" time="3.707"/>
  <system-out/>
</testsuite> <!-- TestNG_class.class2 -->
