<?xml version="1.0" encoding="UTF-8"?>
<!-- Generated by org.testng.reporters.JUnitReportReporter -->
<testsuite hostname="DESKTOP-EINLN9Q" failures="0" tests="3" name="testNG_package.Remo" time="0.007" errors="0" timestamp="2023-01-19T15:08:59 IST" skipped="0">
  <testcase classname="testNG_package.Remo" name="remo" time="0.005"/>
  <system-out>
    <![CDATA[This is remo method]]>
  </system-out>
  <testcase classname="testNG_package.Remo" name="remo2" time="0.001"/>
  <system-out>
    <![CDATA[This is remo2 method]]>
  </system-out>
  <testcase classname="testNG_package.Remo" name="remo1" time="0.001"/>
  <system-out>
    <![CDATA[This is remo1 method]]>
  </system-out>
</testsuite> <!-- testNG_package.Remo -->
