<?xml version="1.0" encoding="UTF-8"?>
<!-- Generated by org.testng.reporters.JUnitReportReporter -->
<testsuite hostname="DESKTOP-EINLN9Q" failures="0" tests="1" name="testNG_flags.flag_2" time="3.424" errors="0" timestamp="2023-01-20T21:40:56 IST" skipped="0">
  <testcase classname="testNG_flags.flag_2" name="science" time="3.424"/>
  <system-out>
    <![CDATA[This is science method]]>
  </system-out>
</testsuite> <!-- testNG_flags.flag_2 -->
