<?xml version="1.0" encoding="UTF-8"?>
<!-- Generated by org.testng.reporters.JUnitReportReporter -->
<testsuite hostname="DESKTOP-EINLN9Q" failures="0" tests="3" name="testNG_flags.flag_4" time="0.013" errors="0" timestamp="2023-01-20T21:57:59 IST" skipped="0">
  <testcase classname="testNG_flags.flag_4" name="diesel" time="0.002"/>
  <system-out>
    <![CDATA[This is Diesel method]]>
  </system-out>
  <testcase classname="testNG_flags.flag_4" name="petrol" time="0.002"/>
  <system-out>
    <![CDATA[This is Petrol method]]>
  </system-out>
  <testcase classname="testNG_flags.flag_4" name="oilStation" time="0.009"/>
  <system-out>
    <![CDATA[This is Oil Station method]]>
  </system-out>
</testsuite> <!-- testNG_flags.flag_4 -->
