<?xml version="1.0" encoding="UTF-8"?>
<!-- Generated by org.testng.reporters.JUnitReportReporter -->
<testsuite hostname="DESKTOP-EINLN9Q" failures="0" tests="1" name="testNG_package.Demo1" time="0.007" errors="0" timestamp="2023-01-19T15:03:20 IST" skipped="0">
  <testcase classname="testNG_package.Demo1" name="demo1" time="0.007"/>
  <system-out>
    <![CDATA[This is demo1 method]]>
  </system-out>
</testsuite> <!-- testNG_package.Demo1 -->
