<?xml version="1.0" encoding="UTF-8"?>
<!-- Generated by org.testng.reporters.JUnitReportReporter -->
<testsuite hostname="DESKTOP-EINLN9Q" failures="0" tests="6" name="testNG_flags.flag_3" time="16.685" errors="0" timestamp="2023-01-20T21:44:16 IST" skipped="0">
  <testcase classname="testNG_flags.flag_3" name="socialScience" time="2.244"/>
  <system-out>
    <![CDATA[This is social science method]]>
  </system-out>
  <testcase classname="testNG_flags.flag_3" name="socialScience" time="2.192"/>
  <system-out>
    <![CDATA[This is social science method]]>
  </system-out>
  <testcase classname="testNG_flags.flag_3" name="socialScience" time="2.528"/>
  <system-out>
    <![CDATA[This is social science method]]>
  </system-out>
  <testcase classname="testNG_flags.flag_3" name="socialScience" time="2.944"/>
  <system-out>
    <![CDATA[This is social science method]]>
  </system-out>
  <testcase classname="testNG_flags.flag_3" name="socialScience" time="4.434"/>
  <system-out>
    <![CDATA[This is social science method]]>
  </system-out>
  <testcase classname="testNG_flags.flag_3" name="socialScience" time="2.343"/>
  <system-out>
    <![CDATA[This is social science method]]>
  </system-out>
</testsuite> <!-- testNG_flags.flag_3 -->
