<?xml version="1.0" encoding="UTF-8"?>
<!-- Generated by org.testng.reporters.JUnitReportReporter -->
<testsuite hostname="DESKTOP-EINLN9Q" failures="0" tests="6" name="testNG_flags.flag_6" time="0.015" errors="0" timestamp="2023-01-21T15:03:02 IST" skipped="0">
  <testcase classname="testNG_flags.flag_6" name="it1" time="0.009"/>
  <system-out>
    <![CDATA[Integration Testing1]]>
  </system-out>
  <testcase classname="testNG_flags.flag_6" name="it3" time="0.001"/>
  <system-out>
    <![CDATA[Integration Testing3]]>
  </system-out>
  <testcase classname="testNG_flags.flag_6" name="it6" time="0.001"/>
  <system-out>
    <![CDATA[Integration Testing6]]>
  </system-out>
  <testcase classname="testNG_flags.flag_6" name="it2" time="0.002"/>
  <system-out>
    <![CDATA[Integration Testing2]]>
  </system-out>
  <testcase classname="testNG_flags.flag_6" name="it4" time="0.001"/>
  <system-out>
    <![CDATA[Integration Testing4]]>
  </system-out>
  <testcase classname="testNG_flags.flag_6" name="it5" time="0.001"/>
  <system-out>
    <![CDATA[Integration Testing5]]>
  </system-out>
</testsuite> <!-- testNG_flags.flag_6 -->
