<?xml version="1.0" encoding="UTF-8"?>
<!-- Generated by org.testng.reporters.JUnitReportReporter -->
<testsuite hostname="DESKTOP-EINLN9Q" failures="0" tests="9" name="testNG_flags.flag_5" time="0.015" errors="0" timestamp="2023-01-21T14:18:09 IST" skipped="0">
  <testcase classname="testNG_flags.flag_5" name="i" time="0.008"/>
  <system-out>
    <![CDATA[I]]>
  </system-out>
  <testcase classname="testNG_flags.flag_5" name="a" time="0.001"/>
  <system-out>
    <![CDATA[A]]>
  </system-out>
  <testcase classname="testNG_flags.flag_5" name="b" time="0.001"/>
  <system-out>
    <![CDATA[B]]>
  </system-out>
  <testcase classname="testNG_flags.flag_5" name="k" time="0.001"/>
  <system-out>
    <![CDATA[K]]>
  </system-out>
  <testcase classname="testNG_flags.flag_5" name="g" time="0.001"/>
  <system-out>
    <![CDATA[G]]>
  </system-out>
  <testcase classname="testNG_flags.flag_5" name="h" time="0.001"/>
  <system-out>
    <![CDATA[H]]>
  </system-out>
  <testcase classname="testNG_flags.flag_5" name="p" time="0.001"/>
  <system-out>
    <![CDATA[P]]>
  </system-out>
  <testcase classname="testNG_flags.flag_5" name="z" time="0.001"/>
  <system-out>
    <![CDATA[Z]]>
  </system-out>
  <testcase classname="testNG_flags.flag_5" name="m" time="0.000"/>
  <system-out>
    <![CDATA[M]]>
  </system-out>
</testsuite> <!-- testNG_flags.flag_5 -->
