<?xml version="1.0" encoding="UTF-8"?>
<!-- Generated by org.testng.reporters.JUnitReportReporter -->
<testsuite hostname="DESKTOP-EINLN9Q" failures="0" tests="1" name="testNG_flags.flag_1" time="4.282" errors="0" timestamp="2023-01-20T21:34:46 IST" skipped="0">
  <testcase classname="testNG_flags.flag_1" name="mathematics" time="4.282"/>
  <system-out>
    <![CDATA[This is mathematics method]]>
  </system-out>
</testsuite> <!-- testNG_flags.flag_1 -->
