<?xml version="1.0" encoding="UTF-8"?>
<!-- Generated by org.testng.reporters.JUnitReportReporter -->
<testsuite hostname="DESKTOP-EINLN9Q" failures="0" tests="1" name="testNG_package.Demo2" time="0.001" errors="0" timestamp="2023-01-19T15:03:20 IST" skipped="0">
  <testcase classname="testNG_package.Demo2" name="f" time="0.001"/>
  <system-out/>
</testsuite> <!-- testNG_package.Demo2 -->
