<?xml version="1.0" encoding="UTF-8"?>
<!-- Generated by org.testng.reporters.JUnitReportReporter -->
<testsuite hostname="DESKTOP-EINLN9Q" failures="0" tests="3" name="testNG_package.Sumo" time="0.008" errors="0" timestamp="2023-01-19T15:08:59 IST" skipped="0">
  <testcase classname="testNG_package.Sumo" name="sumo1" time="0.001"/>
  <system-out>
    <![CDATA[This is sumo1 method]]>
  </system-out>
  <testcase classname="testNG_package.Sumo" name="sumo" time="0.007"/>
  <system-out>
    <![CDATA[This is sumo method]]>
  </system-out>
  <testcase classname="testNG_package.Sumo" name="sumo2" time="0.000"/>
  <system-out>
    <![CDATA[This is sumo2 method]]>
  </system-out>
</testsuite> <!-- testNG_package.Sumo -->
