<?xml version="1.0" encoding="UTF-8"?>
<!-- Generated by org.testng.reporters.JUnitReportReporter -->
<testsuite hostname="DESKTOP-EINLN9Q" failures="0" tests="1" name="TestNG_class.class1" time="8.486" errors="0" timestamp="2023-01-20T14:13:26 IST" skipped="0">
  <testcase classname="TestNG_class.class1" name="sql" time="8.486"/>
  <system-out/>
</testsuite> <!-- TestNG_class.class1 -->
