<?xml version="1.0" encoding="UTF-8"?>
<!-- Generated by org.testng.reporters.JUnitReportReporter -->
<testsuite hostname="DESKTOP-EINLN9Q" failures="0" tests="1" name="TestNG_class.class3" time="3.381" errors="0" timestamp="2023-01-20T14:05:21 IST" skipped="0">
  <testcase classname="TestNG_class.class3" name="java" time="3.381"/>
  <system-out/>
</testsuite> <!-- TestNG_class.class3 -->
